\BOOKMARK [1][-]{section.1}{Introduction}{}% 1
\BOOKMARK [1][-]{section.2}{Material\040and\040Methods}{}% 2
\BOOKMARK [2][-]{subsection.2.1}{Data\040acquisition}{section.2}% 3
\BOOKMARK [2][-]{subsection.2.2}{Data\040preprocessing}{section.2}% 4
\BOOKMARK [2][-]{subsection.2.3}{Feature\040extraction\040from\040time\040series}{section.2}% 5
\BOOKMARK [2][-]{subsection.2.4}{Addition\040of\040temporal\040features}{section.2}% 6
\BOOKMARK [2][-]{subsection.2.5}{Stratified\040Cross\040Validation\040and\040sampling}{section.2}% 7
\BOOKMARK [2][-]{subsection.2.6}{Random\040forests\040analysis}{section.2}% 8
\BOOKMARK [2][-]{subsection.2.7}{Performance\040assessments}{section.2}% 9
\BOOKMARK [2][-]{subsection.2.8}{Statistical\040analysis}{section.2}% 10
\BOOKMARK [1][-]{section.3}{Results}{}% 11
\BOOKMARK [2][-]{subsection.3.1}{A\040new\040efficient\040python\040package}{section.3}% 12
\BOOKMARK [2][-]{subsection.3.2}{Twenty\040variables\040can\040generate\040accurate\040predictions}{section.3}% 13
\BOOKMARK [2][-]{subsection.3.3}{Including\040temporal\040information\040improves\040prediction}{section.3}% 14
\BOOKMARK [2][-]{subsection.3.4}{Structural\040differences\040with\040ground\040truth}{section.3}% 15
\BOOKMARK [2][-]{subsection.3.5}{Attribution\040of\040confidence\040score\040to\040predictions}{section.3}% 16
\BOOKMARK [1][-]{section.4}{Discussion}{}% 17
\BOOKMARK [2][-]{subsection.4.1}{Software\040package\040for\040feature\040computation}{section.4}% 18
\BOOKMARK [2][-]{subsection.4.2}{Exhaustive\040feature\040extraction}{section.4}% 19
\BOOKMARK [2][-]{subsection.4.3}{Random\040forest\040classification}{section.4}% 20
\BOOKMARK [2][-]{subsection.4.4}{Rigorous\040and\040comprehensive\040model\040evaluation}{section.4}% 21
\BOOKMARK [2][-]{subsection.4.5}{Quality\040of\040the\040raw\040data}{section.4}% 22
\BOOKMARK [2][-]{subsection.4.6}{Overall\040results}{section.4}% 23
\BOOKMARK [1][-]{section*.19}{Appendices}{}% 24
\BOOKMARK [1][-]{Appendix.a.A}{pyrem\040documentation}{}% 25
