This is pdfTeX, Version 3.1415926-2.5-1.40.14 (TeX Live 2013/Arch Linux) (format=pdflatex 2014.4.9)  7 SEP 2014 15:18
entering extended mode
 restricted \write18 enabled.
 Source specials enabled.
 %&-line parsing enabled.
**report.tex
(./report.tex
LaTeX2e <2011/06/27>
Babel <3.9h> and hyphenation patterns for 78 languages loaded.
(/usr/share/texmf-dist/tex/latex/base/article.cls
Document Class: article 2007/10/19 v1.4h Standard LaTeX document class
(/usr/share/texmf-dist/tex/latex/base/size11.clo
File: size11.clo 2007/10/19 v1.4h Standard LaTeX file (size option)
)
\c@part=\count79
\c@section=\count80
\c@subsection=\count81
\c@subsubsection=\count82
\c@paragraph=\count83
\c@subparagraph=\count84
\c@figure=\count85
\c@table=\count86
\abovecaptionskip=\skip41
\belowcaptionskip=\skip42
\bibindent=\dimen102
)
(/usr/share/texmf-dist/tex/latex/standalone/standalone.sty
Package: standalone 2012/09/15 v1.1b Package to include TeX sub-files with prea
mbles

(/usr/share/texmf-dist/tex/generic/oberdiek/ifluatex.sty
Package: ifluatex 2010/03/01 v1.3 Provides the ifluatex switch (HO)
Package ifluatex Info: LuaTeX not detected.
)
(/usr/share/texmf-dist/tex/generic/oberdiek/ifpdf.sty
Package: ifpdf 2011/01/30 v2.3 Provides the ifpdf switch (HO)
Package ifpdf Info: pdfTeX in PDF mode is detected.
)
(/usr/share/texmf-dist/tex/generic/ifxetex/ifxetex.sty
Package: ifxetex 2010/09/12 v0.6 Provides ifxetex conditional
)
(/usr/share/texmf-dist/tex/latex/xkeyval/xkeyval.sty
Package: xkeyval 2012/10/14 v2.6b package option processing (HA)

(/usr/share/texmf-dist/tex/generic/xkeyval/xkeyval.tex
\XKV@toks=\toks14
\XKV@tempa@toks=\toks15
\XKV@depth=\count87
File: xkeyval.tex 2012/10/14 v2.6b key=value parser (HA)

(/usr/share/texmf-dist/tex/generic/xkeyval/keyval.tex)))
(/usr/share/texmf-dist/tex/latex/currfile/currfile.sty
Package: currfile 2013/02/01 v0.7b Provides the file path elements of the curre
nt input file

(/usr/share/texmf-dist/tex/latex/oberdiek/kvoptions.sty
Package: kvoptions 2011/06/30 v3.11 Key value format for package options (HO)

(/usr/share/texmf-dist/tex/generic/oberdiek/ltxcmds.sty
Package: ltxcmds 2011/11/09 v1.22 LaTeX kernel commands for general use (HO)
)
(/usr/share/texmf-dist/tex/generic/oberdiek/kvsetkeys.sty
Package: kvsetkeys 2012/04/25 v1.16 Key value parser (HO)

(/usr/share/texmf-dist/tex/generic/oberdiek/infwarerr.sty
Package: infwarerr 2010/04/08 v1.3 Providing info/warning/error messages (HO)
)
(/usr/share/texmf-dist/tex/generic/oberdiek/etexcmds.sty
Package: etexcmds 2011/02/16 v1.5 Avoid name clashes with e-TeX commands (HO)
Package etexcmds Info: Could not find \expanded.
(etexcmds)             That can mean that you are not using pdfTeX 1.50 or
(etexcmds)             that some package has redefined \expanded.
(etexcmds)             In the latter case, load this package earlier.
)))
(/usr/share/texmf-dist/tex/latex/filehook/filehook.sty
Package: filehook 2011/10/12 v0.5d Hooks for input files
)
\c@currfiledepth=\count88
)
(/usr/share/texmf-dist/tex/latex/gincltex/gincltex.sty
(/usr/share/texmf-dist/tex/latex/svn-prov/svn-prov.sty
Package: svn-prov 2010/04/24 v3.1862 Package Date/Version from SVN Keywords
)
Package: gincltex 2011/09/04 v0.3 Include external LaTeX files like graphics

(/usr/share/texmf-dist/tex/latex/adjustbox/adjustbox.sty
Package: adjustbox 2012/05/21 v1.0 Adjusting TeX boxes (trim, clip, ...)

(/usr/share/texmf-dist/tex/latex/adjustbox/adjcalc.sty
Package: adjcalc 2012/05/16 v1.1 Provides advanced setlength with multiple back
-ends (calc, etex, pgfmath)
)
(/usr/share/texmf-dist/tex/latex/adjustbox/trimclip.sty
Package: trimclip 2012/05/16 v1.0 Trim and clip general TeX material

(/usr/share/texmf-dist/tex/latex/graphics/graphicx.sty
Package: graphicx 1999/02/16 v1.0f Enhanced LaTeX Graphics (DPC,SPQR)

(/usr/share/texmf-dist/tex/latex/graphics/graphics.sty
Package: graphics 2009/02/05 v1.0o Standard LaTeX Graphics (DPC,SPQR)

(/usr/share/texmf-dist/tex/latex/graphics/trig.sty
Package: trig 1999/03/16 v1.09 sin cos tan (DPC)
)
(/usr/share/texmf-dist/tex/latex/latexconfig/graphics.cfg
File: graphics.cfg 2010/04/23 v1.9 graphics configuration of TeX Live
)
Package graphics Info: Driver file: pdftex.def on input line 91.

(/usr/share/texmf-dist/tex/latex/pdftex-def/pdftex.def
File: pdftex.def 2011/05/27 v0.06d Graphics/color for pdfTeX
\Gread@gobject=\count89
))
\Gin@req@height=\dimen103
\Gin@req@width=\dimen104
)
(/usr/share/texmf-dist/tex/latex/collectbox/collectbox.sty
Package: collectbox 2012/05/17 v0.4b Collect macro arguments as boxes
\collectedbox=\box26
)
\tc@llx=\dimen105
\tc@lly=\dimen106
\tc@urx=\dimen107
\tc@ury=\dimen108
Package trimclip Info: Using driver 'tc-pdftex.def'.

(/usr/share/texmf-dist/tex/latex/adjustbox/tc-pdftex.def
File: tc-pdftex.def 2012/05/13 v1.0 Clipping driver for pdftex
))
\adjbox@Width=\dimen109
\adjbox@Height=\dimen110
\adjbox@Depth=\dimen111
\adjbox@Totalheight=\dimen112

(/usr/share/texmf-dist/tex/latex/ifoddpage/ifoddpage.sty
Package: ifoddpage 2011/09/13 v1.0 Conditionals for odd/even page detection
\c@checkoddpage=\count90
)
(/usr/share/texmf-dist/tex/latex/varwidth/varwidth.sty
Package: varwidth 2009/03/30 ver 0.92;  Variable-width minipages
\@vwid@box=\box27
\sift@deathcycles=\count91
\@vwid@loff=\dimen113
\@vwid@roff=\dimen114
))
\gincltex@box=\box28
)
(/usr/share/texmf-dist/tex/latex/filemod/filemod-expmin.sty
Package: filemod-expmin 2011/09/19 v1.2 Get and compare file modification times
 (expandable; minimal)
))
(/usr/share/texmf-dist/tex/latex/geometry/geometry.sty
Package: geometry 2010/09/12 v5.6 Page Geometry

(/usr/share/texmf-dist/tex/generic/oberdiek/ifvtex.sty
Package: ifvtex 2010/03/01 v1.5 Detect VTeX and its facilities (HO)
Package ifvtex Info: VTeX not detected.
)
\Gm@cnth=\count92
\Gm@cntv=\count93
\c@Gm@tempcnt=\count94
\Gm@bindingoffset=\dimen115
\Gm@wd@mp=\dimen116
\Gm@odd@mp=\dimen117
\Gm@even@mp=\dimen118
\Gm@layoutwidth=\dimen119
\Gm@layoutheight=\dimen120
\Gm@layouthoffset=\dimen121
\Gm@layoutvoffset=\dimen122
\Gm@dimlist=\toks16
)
(/usr/share/texmf-dist/tex/latex/preprint/fullpage.sty
Package: fullpage 1999/02/23 1.1 (PWD)
\FP@margin=\skip43
)
(/usr/share/texmf-dist/tex/latex/multirow/multirow.sty
\bigstrutjot=\dimen123
)
(/usr/share/texmf-dist/tex/latex/setspace/setspace.sty
Package: setspace 2011/12/19 v6.7a set line spacing
)
(/usr/share/texmf-dist/tex/latex/caption/caption.sty
Package: caption 2013/05/02 v3.3-89 Customizing captions (AR)

(/usr/share/texmf-dist/tex/latex/caption/caption3.sty
Package: caption3 2013/05/02 v1.6-88 caption3 kernel (AR)
Package caption3 Info: TeX engine: e-TeX on input line 57.
\captionmargin=\dimen124
\captionmargin@=\dimen125
\captionwidth=\dimen126
\caption@tempdima=\dimen127
\caption@indent=\dimen128
\caption@parindent=\dimen129
\caption@hangindent=\dimen130
)
\c@ContinuedFloat=\count95
)
(/usr/share/texmf-dist/tex/latex/cite/cite.sty
LaTeX Info: Redefining \cite on input line 302.
LaTeX Info: Redefining \nocite on input line 373.
Package: cite 2010/09/10  v 5.3
)
(/usr/share/texmf-dist/tex/latex/appendix/appendix.sty
Package: appendix 2009/09/02 v1.2b extra appendix facilities
\c@@pps=\count96
\c@@ppsavesec=\count97
\c@@ppsaveapp=\count98
)
(/usr/share/texmf-dist/tex/latex/hyperref/hyperref.sty
Package: hyperref 2012/11/06 v6.83m Hypertext links for LaTeX

(/usr/share/texmf-dist/tex/generic/oberdiek/hobsub-hyperref.sty
Package: hobsub-hyperref 2012/05/28 v1.13 Bundle oberdiek, subset hyperref (HO)


(/usr/share/texmf-dist/tex/generic/oberdiek/hobsub-generic.sty
Package: hobsub-generic 2012/05/28 v1.13 Bundle oberdiek, subset generic (HO)
Package: hobsub 2012/05/28 v1.13 Construct package bundles (HO)
Package hobsub Info: Skipping package `infwarerr' (already loaded).
Package hobsub Info: Skipping package `ltxcmds' (already loaded).
Package hobsub Info: Skipping package `ifluatex' (already loaded).
Package hobsub Info: Skipping package `ifvtex' (already loaded).
Package: intcalc 2007/09/27 v1.1 Expandable calculations with integers (HO)
Package hobsub Info: Skipping package `ifpdf' (already loaded).
Package hobsub Info: Skipping package `etexcmds' (already loaded).
Package hobsub Info: Skipping package `kvsetkeys' (already loaded).
Package: kvdefinekeys 2011/04/07 v1.3 Define keys (HO)
Package: pdftexcmds 2011/11/29 v0.20 Utility functions of pdfTeX for LuaTeX (HO
)
Package pdftexcmds Info: LuaTeX not detected.
Package pdftexcmds Info: \pdf@primitive is available.
Package pdftexcmds Info: \pdf@ifprimitive is available.
Package pdftexcmds Info: \pdfdraftmode found.
Package: pdfescape 2011/11/25 v1.13 Implements pdfTeX's escape features (HO)
Package: bigintcalc 2012/04/08 v1.3 Expandable calculations on big integers (HO
)
Package: bitset 2011/01/30 v1.1 Handle bit-vector datatype (HO)
Package: uniquecounter 2011/01/30 v1.2 Provide unlimited unique counter (HO)
)
Package hobsub Info: Skipping package `hobsub' (already loaded).
Package: letltxmacro 2010/09/02 v1.4 Let assignment for LaTeX macros (HO)
Package: hopatch 2012/05/28 v1.2 Wrapper for package hooks (HO)
Package: xcolor-patch 2011/01/30 xcolor patch
Package: atveryend 2011/06/30 v1.8 Hooks at the very end of document (HO)
Package atveryend Info: \enddocument detected (standard20110627).
Package: atbegshi 2011/10/05 v1.16 At begin shipout hook (HO)
Package: refcount 2011/10/16 v3.4 Data extraction from label references (HO)
Package: hycolor 2011/01/30 v1.7 Color options for hyperref/bookmark (HO)
)
(/usr/share/texmf-dist/tex/latex/oberdiek/auxhook.sty
Package: auxhook 2011/03/04 v1.3 Hooks for auxiliary files (HO)
)
\@linkdim=\dimen131
\Hy@linkcounter=\count99
\Hy@pagecounter=\count100

(/usr/share/texmf-dist/tex/latex/hyperref/pd1enc.def
File: pd1enc.def 2012/11/06 v6.83m Hyperref: PDFDocEncoding definition (HO)
)
\Hy@SavedSpaceFactor=\count101

(/usr/share/texmf-dist/tex/latex/latexconfig/hyperref.cfg
File: hyperref.cfg 2002/06/06 v1.2 hyperref configuration of TeXLive
)
Package hyperref Info: Hyper figures OFF on input line 4443.
Package hyperref Info: Link nesting OFF on input line 4448.
Package hyperref Info: Hyper index ON on input line 4451.
Package hyperref Info: Plain pages OFF on input line 4458.
Package hyperref Info: Backreferencing OFF on input line 4463.
Package hyperref Info: Implicit mode ON; LaTeX internals redefined.
Package hyperref Info: Bookmarks ON on input line 4688.
\c@Hy@tempcnt=\count102

(/usr/share/texmf-dist/tex/latex/url/url.sty
\Urlmuskip=\muskip10
Package: url 2013/09/16  ver 3.4  Verb mode for urls, etc.
)
LaTeX Info: Redefining \url on input line 5041.
\XeTeXLinkMargin=\dimen132
\Fld@menulength=\count103
\Field@Width=\dimen133
\Fld@charsize=\dimen134
Package hyperref Info: Hyper figures OFF on input line 6295.
Package hyperref Info: Link nesting OFF on input line 6300.
Package hyperref Info: Hyper index ON on input line 6303.
Package hyperref Info: backreferencing OFF on input line 6310.
Package hyperref Info: Link coloring OFF on input line 6315.
Package hyperref Info: Link coloring with OCG OFF on input line 6320.
Package hyperref Info: PDF/A mode OFF on input line 6325.
LaTeX Info: Redefining \ref on input line 6365.
LaTeX Info: Redefining \pageref on input line 6369.
\Hy@abspage=\count104
\c@Item=\count105
\c@Hfootnote=\count106
)

Package hyperref Message: Driver (autodetected): hpdftex.

(/usr/share/texmf-dist/tex/latex/hyperref/hpdftex.def
File: hpdftex.def 2012/11/06 v6.83m Hyperref driver for pdfTeX
\Fld@listcount=\count107
\c@bookmark@seq@number=\count108

(/usr/share/texmf-dist/tex/latex/oberdiek/rerunfilecheck.sty
Package: rerunfilecheck 2011/04/15 v1.7 Rerun checks for auxiliary files (HO)
Package uniquecounter Info: New unique counter `rerunfilecheck' on input line 2
82.
)
\Hy@SectionHShift=\skip44
)
(/usr/share/texmf-dist/tex/latex/amsmath/amsmath.sty
Package: amsmath 2013/01/14 v2.14 AMS math features
\@mathmargin=\skip45

For additional information on amsmath, use the `?' option.
(/usr/share/texmf-dist/tex/latex/amsmath/amstext.sty
Package: amstext 2000/06/29 v2.01

(/usr/share/texmf-dist/tex/latex/amsmath/amsgen.sty
File: amsgen.sty 1999/11/30 v2.0
\@emptytoks=\toks17
\ex@=\dimen135
))
(/usr/share/texmf-dist/tex/latex/amsmath/amsbsy.sty
Package: amsbsy 1999/11/29 v1.2d
\pmbraise@=\dimen136
)
(/usr/share/texmf-dist/tex/latex/amsmath/amsopn.sty
Package: amsopn 1999/12/14 v2.01 operator names
)
\inf@bad=\count109
LaTeX Info: Redefining \frac on input line 210.
\uproot@=\count110
\leftroot@=\count111
LaTeX Info: Redefining \overline on input line 306.
\classnum@=\count112
\DOTSCASE@=\count113
LaTeX Info: Redefining \ldots on input line 378.
LaTeX Info: Redefining \dots on input line 381.
LaTeX Info: Redefining \cdots on input line 466.
\Mathstrutbox@=\box29
\strutbox@=\box30
\big@size=\dimen137
LaTeX Font Info:    Redeclaring font encoding OML on input line 566.
LaTeX Font Info:    Redeclaring font encoding OMS on input line 567.
\macc@depth=\count114
\c@MaxMatrixCols=\count115
\dotsspace@=\muskip11
\c@parentequation=\count116
\dspbrk@lvl=\count117
\tag@help=\toks18
\row@=\count118
\column@=\count119
\maxfields@=\count120
\andhelp@=\toks19
\eqnshift@=\dimen138
\alignsep@=\dimen139
\tagshift@=\dimen140
\tagwidth@=\dimen141
\totwidth@=\dimen142
\lineht@=\dimen143
\@envbody=\toks20
\multlinegap=\skip46
\multlinetaggap=\skip47
\mathdisplay@stack=\toks21
LaTeX Info: Redefining \[ on input line 2665.
LaTeX Info: Redefining \] on input line 2666.
)
(/usr/share/texmf-dist/tex/latex/amsfonts/amsfonts.sty
Package: amsfonts 2013/01/14 v3.01 Basic AMSFonts support
\symAMSa=\mathgroup4
\symAMSb=\mathgroup5
LaTeX Font Info:    Overwriting math alphabet `\mathfrak' in version `bold'
(Font)                  U/euf/m/n --> U/euf/b/n on input line 106.
)
(/usr/share/texmf-dist/tex/latex/caption/subcaption.sty
Package: subcaption 2013/02/03 v1.1-62 Sub-captions (AR)
\c@subfigure=\count121
\c@subtable=\count122
)
(/usr/share/texmf-dist/tex/latex/todonotes/todonotes.sty
Package: todonotes 2012/07/25 .dtx Todonotes source and documentation.
Package: todonotes 2012/07/25

(/usr/share/texmf-dist/tex/latex/base/ifthen.sty
Package: ifthen 2001/05/26 v1.1c Standard LaTeX ifthen package (DPC)
)
(/usr/share/texmf-dist/tex/latex/xcolor/xcolor.sty
Package: xcolor 2007/01/21 v2.11 LaTeX color extensions (UK)

(/usr/share/texmf-dist/tex/latex/latexconfig/color.cfg
File: color.cfg 2007/01/18 v1.5 color configuration of teTeX/TeXLive
)
Package xcolor Info: Driver file: pdftex.def on input line 225.
Package xcolor Info: Model `cmy' substituted by `cmy0' on input line 1337.
Package xcolor Info: Model `hsb' substituted by `rgb' on input line 1341.
Package xcolor Info: Model `RGB' extended on input line 1353.
Package xcolor Info: Model `HTML' substituted by `rgb' on input line 1355.
Package xcolor Info: Model `Hsb' substituted by `hsb' on input line 1356.
Package xcolor Info: Model `tHsb' substituted by `hsb' on input line 1357.
Package xcolor Info: Model `HSB' substituted by `hsb' on input line 1358.
Package xcolor Info: Model `Gray' substituted by `gray' on input line 1359.
Package xcolor Info: Model `wave' substituted by `hsb' on input line 1360.
)
(/usr/share/texmf-dist/tex/latex/pgf/frontendlayer/tikz.sty
(/usr/share/texmf-dist/tex/latex/pgf/basiclayer/pgf.sty
(/usr/share/texmf-dist/tex/latex/pgf/utilities/pgfrcs.sty
(/usr/share/texmf-dist/tex/generic/pgf/utilities/pgfutil-common.tex
\pgfutil@everybye=\toks22
\pgfutil@tempdima=\dimen144
\pgfutil@tempdimb=\dimen145

(/usr/share/texmf-dist/tex/generic/pgf/utilities/pgfutil-common-lists.tex))
(/usr/share/texmf-dist/tex/generic/pgf/utilities/pgfutil-latex.def
\pgfutil@abb=\box31

(/usr/share/texmf-dist/tex/latex/ms/everyshi.sty
Package: everyshi 2001/05/15 v3.00 EveryShipout Package (MS)
))
(/usr/share/texmf-dist/tex/generic/pgf/utilities/pgfrcs.code.tex
Package: pgfrcs 2013/12/20 v3.0.0 (rcs-revision 1.28)
))
Package: pgf 2013/12/18 v3.0.0 (rcs-revision 1.14)

(/usr/share/texmf-dist/tex/latex/pgf/basiclayer/pgfcore.sty
(/usr/share/texmf-dist/tex/latex/pgf/systemlayer/pgfsys.sty
(/usr/share/texmf-dist/tex/generic/pgf/systemlayer/pgfsys.code.tex
Package: pgfsys 2013/11/30 v3.0.0 (rcs-revision 1.47)

(/usr/share/texmf-dist/tex/generic/pgf/utilities/pgfkeys.code.tex
\pgfkeys@pathtoks=\toks23
\pgfkeys@temptoks=\toks24

(/usr/share/texmf-dist/tex/generic/pgf/utilities/pgfkeysfiltered.code.tex
\pgfkeys@tmptoks=\toks25
))
\pgf@x=\dimen146
\pgf@y=\dimen147
\pgf@xa=\dimen148
\pgf@ya=\dimen149
\pgf@xb=\dimen150
\pgf@yb=\dimen151
\pgf@xc=\dimen152
\pgf@yc=\dimen153
\w@pgf@writea=\write3
\r@pgf@reada=\read1
\c@pgf@counta=\count123
\c@pgf@countb=\count124
\c@pgf@countc=\count125
\c@pgf@countd=\count126
\t@pgf@toka=\toks26
\t@pgf@tokb=\toks27
\t@pgf@tokc=\toks28

(/usr/share/texmf-dist/tex/generic/pgf/systemlayer/pgf.cfg
File: pgf.cfg 2008/05/14  (rcs-revision 1.7)
)
Driver file for pgf: pgfsys-pdftex.def

(/usr/share/texmf-dist/tex/generic/pgf/systemlayer/pgfsys-pdftex.def
File: pgfsys-pdftex.def 2013/07/18  (rcs-revision 1.33)

(/usr/share/texmf-dist/tex/generic/pgf/systemlayer/pgfsys-common-pdf.def
File: pgfsys-common-pdf.def 2013/10/10  (rcs-revision 1.13)
)))
(/usr/share/texmf-dist/tex/generic/pgf/systemlayer/pgfsyssoftpath.code.tex
File: pgfsyssoftpath.code.tex 2013/09/09  (rcs-revision 1.9)
\pgfsyssoftpath@smallbuffer@items=\count127
\pgfsyssoftpath@bigbuffer@items=\count128
)
(/usr/share/texmf-dist/tex/generic/pgf/systemlayer/pgfsysprotocol.code.tex
File: pgfsysprotocol.code.tex 2006/10/16  (rcs-revision 1.4)
))
(/usr/share/texmf-dist/tex/generic/pgf/basiclayer/pgfcore.code.tex
Package: pgfcore 2010/04/11 v3.0.0 (rcs-revision 1.7)

(/usr/share/texmf-dist/tex/generic/pgf/math/pgfmath.code.tex
(/usr/share/texmf-dist/tex/generic/pgf/math/pgfmathcalc.code.tex
(/usr/share/texmf-dist/tex/generic/pgf/math/pgfmathutil.code.tex)
(/usr/share/texmf-dist/tex/generic/pgf/math/pgfmathparser.code.tex
\pgfmath@dimen=\dimen154
\pgfmath@count=\count129
\pgfmath@box=\box32
\pgfmath@toks=\toks29
\pgfmath@stack@operand=\toks30
\pgfmath@stack@operation=\toks31
)
(/usr/share/texmf-dist/tex/generic/pgf/math/pgfmathfunctions.code.tex
(/usr/share/texmf-dist/tex/generic/pgf/math/pgfmathfunctions.basic.code.tex)
(/usr/share/texmf-dist/tex/generic/pgf/math/pgfmathfunctions.trigonometric.code
.tex)
(/usr/share/texmf-dist/tex/generic/pgf/math/pgfmathfunctions.random.code.tex)
(/usr/share/texmf-dist/tex/generic/pgf/math/pgfmathfunctions.comparison.code.te
x) (/usr/share/texmf-dist/tex/generic/pgf/math/pgfmathfunctions.base.code.tex)
(/usr/share/texmf-dist/tex/generic/pgf/math/pgfmathfunctions.round.code.tex)
(/usr/share/texmf-dist/tex/generic/pgf/math/pgfmathfunctions.misc.code.tex)
(/usr/share/texmf-dist/tex/generic/pgf/math/pgfmathfunctions.integerarithmetics
.code.tex))) (/usr/share/texmf-dist/tex/generic/pgf/math/pgfmathfloat.code.tex
\c@pgfmathroundto@lastzeros=\count130
)) (/usr/share/texmf-dist/tex/generic/pgf/basiclayer/pgfcorepoints.code.tex
File: pgfcorepoints.code.tex 2013/10/07  (rcs-revision 1.27)
\pgf@picminx=\dimen155
\pgf@picmaxx=\dimen156
\pgf@picminy=\dimen157
\pgf@picmaxy=\dimen158
\pgf@pathminx=\dimen159
\pgf@pathmaxx=\dimen160
\pgf@pathminy=\dimen161
\pgf@pathmaxy=\dimen162
\pgf@xx=\dimen163
\pgf@xy=\dimen164
\pgf@yx=\dimen165
\pgf@yy=\dimen166
\pgf@zx=\dimen167
\pgf@zy=\dimen168
)
(/usr/share/texmf-dist/tex/generic/pgf/basiclayer/pgfcorepathconstruct.code.tex
File: pgfcorepathconstruct.code.tex 2013/10/07  (rcs-revision 1.29)
\pgf@path@lastx=\dimen169
\pgf@path@lasty=\dimen170
) (/usr/share/texmf-dist/tex/generic/pgf/basiclayer/pgfcorepathusage.code.tex
File: pgfcorepathusage.code.tex 2013/12/13  (rcs-revision 1.23)
\pgf@shorten@end@additional=\dimen171
\pgf@shorten@start@additional=\dimen172
)
(/usr/share/texmf-dist/tex/generic/pgf/basiclayer/pgfcorescopes.code.tex
File: pgfcorescopes.code.tex 2013/10/09  (rcs-revision 1.44)
\pgfpic=\box33
\pgf@hbox=\box34
\pgf@layerbox@main=\box35
\pgf@picture@serial@count=\count131
)
(/usr/share/texmf-dist/tex/generic/pgf/basiclayer/pgfcoregraphicstate.code.tex
File: pgfcoregraphicstate.code.tex 2013/09/19  (rcs-revision 1.11)
\pgflinewidth=\dimen173
)
(/usr/share/texmf-dist/tex/generic/pgf/basiclayer/pgfcoretransformations.code.t
ex
File: pgfcoretransformations.code.tex 2013/10/10  (rcs-revision 1.17)
\pgf@pt@x=\dimen174
\pgf@pt@y=\dimen175
\pgf@pt@temp=\dimen176
) (/usr/share/texmf-dist/tex/generic/pgf/basiclayer/pgfcorequick.code.tex
File: pgfcorequick.code.tex 2008/10/09  (rcs-revision 1.3)
)
(/usr/share/texmf-dist/tex/generic/pgf/basiclayer/pgfcoreobjects.code.tex
File: pgfcoreobjects.code.tex 2006/10/11  (rcs-revision 1.2)
)
(/usr/share/texmf-dist/tex/generic/pgf/basiclayer/pgfcorepathprocessing.code.te
x
File: pgfcorepathprocessing.code.tex 2013/09/09  (rcs-revision 1.9)
) (/usr/share/texmf-dist/tex/generic/pgf/basiclayer/pgfcorearrows.code.tex
File: pgfcorearrows.code.tex 2013/11/07  (rcs-revision 1.40)
\pgfarrowsep=\dimen177
)
(/usr/share/texmf-dist/tex/generic/pgf/basiclayer/pgfcoreshade.code.tex
File: pgfcoreshade.code.tex 2013/07/15  (rcs-revision 1.15)
\pgf@max=\dimen178
\pgf@sys@shading@range@num=\count132
)
(/usr/share/texmf-dist/tex/generic/pgf/basiclayer/pgfcoreimage.code.tex
File: pgfcoreimage.code.tex 2013/07/15  (rcs-revision 1.18)

(/usr/share/texmf-dist/tex/generic/pgf/basiclayer/pgfcoreexternal.code.tex
File: pgfcoreexternal.code.tex 2013/07/15  (rcs-revision 1.20)
\pgfexternal@startupbox=\box36
))
(/usr/share/texmf-dist/tex/generic/pgf/basiclayer/pgfcorelayers.code.tex
File: pgfcorelayers.code.tex 2013/07/18  (rcs-revision 1.7)
)
(/usr/share/texmf-dist/tex/generic/pgf/basiclayer/pgfcoretransparency.code.tex
File: pgfcoretransparency.code.tex 2013/09/30  (rcs-revision 1.5)
) (/usr/share/texmf-dist/tex/generic/pgf/basiclayer/pgfcorepatterns.code.tex
File: pgfcorepatterns.code.tex 2013/11/07  (rcs-revision 1.5)
)))
(/usr/share/texmf-dist/tex/generic/pgf/modules/pgfmoduleshapes.code.tex
File: pgfmoduleshapes.code.tex 2013/10/31  (rcs-revision 1.34)
\pgfnodeparttextbox=\box37
)
(/usr/share/texmf-dist/tex/generic/pgf/modules/pgfmoduleplot.code.tex
File: pgfmoduleplot.code.tex 2013/07/31  (rcs-revision 1.12)
)
(/usr/share/texmf-dist/tex/latex/pgf/compatibility/pgfcomp-version-0-65.sty
Package: pgfcomp-version-0-65 2007/07/03 v3.0.0 (rcs-revision 1.7)
\pgf@nodesepstart=\dimen179
\pgf@nodesepend=\dimen180
)
(/usr/share/texmf-dist/tex/latex/pgf/compatibility/pgfcomp-version-1-18.sty
Package: pgfcomp-version-1-18 2007/07/23 v3.0.0 (rcs-revision 1.1)
))
(/usr/share/texmf-dist/tex/latex/pgf/utilities/pgffor.sty
(/usr/share/texmf-dist/tex/latex/pgf/utilities/pgfkeys.sty
(/usr/share/texmf-dist/tex/generic/pgf/utilities/pgfkeys.code.tex))
(/usr/share/texmf-dist/tex/latex/pgf/math/pgfmath.sty
(/usr/share/texmf-dist/tex/generic/pgf/math/pgfmath.code.tex))
(/usr/share/texmf-dist/tex/generic/pgf/utilities/pgffor.code.tex
Package: pgffor 2013/12/13 v3.0.0 (rcs-revision 1.25)

(/usr/share/texmf-dist/tex/generic/pgf/math/pgfmath.code.tex)
\pgffor@iter=\dimen181
\pgffor@skip=\dimen182
\pgffor@stack=\toks32
\pgffor@toks=\toks33
))
(/usr/share/texmf-dist/tex/generic/pgf/frontendlayer/tikz/tikz.code.tex
Package: tikz 2013/12/13 v3.0.0 (rcs-revision 1.142)

(/usr/share/texmf-dist/tex/generic/pgf/libraries/pgflibraryplothandlers.code.te
x
File: pgflibraryplothandlers.code.tex 2013/08/31 v3.0.0 (rcs-revision 1.20)
\pgf@plot@mark@count=\count133
\pgfplotmarksize=\dimen183
)
\tikz@lastx=\dimen184
\tikz@lasty=\dimen185
\tikz@lastxsaved=\dimen186
\tikz@lastysaved=\dimen187
\tikzleveldistance=\dimen188
\tikzsiblingdistance=\dimen189
\tikz@figbox=\box38
\tikz@figbox@bg=\box39
\tikz@tempbox=\box40
\tikz@tempbox@bg=\box41
\tikztreelevel=\count134
\tikznumberofchildren=\count135
\tikznumberofcurrentchild=\count136
\tikz@fig@count=\count137
 (/usr/share/texmf-dist/tex/generic/pgf/modules/pgfmodulematrix.code.tex
File: pgfmodulematrix.code.tex 2013/09/17  (rcs-revision 1.8)
\pgfmatrixcurrentrow=\count138
\pgfmatrixcurrentcolumn=\count139
\pgf@matrix@numberofcolumns=\count140
)
\tikz@expandcount=\count141

(/usr/share/texmf-dist/tex/generic/pgf/frontendlayer/tikz/libraries/tikzlibrary
topaths.code.tex
File: tikzlibrarytopaths.code.tex 2008/06/17 v3.0.0 (rcs-revision 1.2)
)))
(/usr/share/texmf-dist/tex/generic/pgf/frontendlayer/tikz/libraries/tikzlibrary
positioning.code.tex
File: tikzlibrarypositioning.code.tex 2008/10/06 v3.0.0 (rcs-revision 1.7)
) (/usr/share/texmf-dist/tex/latex/tools/calc.sty
Package: calc 2007/08/22 v4.3 Infix arithmetic (KKT,FJ)
\calc@Acount=\count142
\calc@Bcount=\count143
\calc@Adimen=\dimen190
\calc@Bdimen=\dimen191
\calc@Askip=\skip48
\calc@Bskip=\skip49
LaTeX Info: Redefining \setlength on input line 76.
LaTeX Info: Redefining \addtolength on input line 77.
\calc@Ccount=\count144
\calc@Cskip=\skip50
)
\c@@todonotes@numberoftodonotes=\count145
)
(/usr/share/texmf-dist/tex/latex/csquotes/csquotes.sty
Package: csquotes 2011/10/22 v5.1d context-sensitive quotations

(/usr/share/texmf-dist/tex/latex/etoolbox/etoolbox.sty
Package: etoolbox 2011/01/03 v2.1 e-TeX tools for LaTeX

(/usr/share/texmf-dist/tex/latex/etex-pkg/etex.sty
Package: etex 1998/03/26 v2.0 eTeX basic definition package (PEB)
\et@xins=\count146
)
\etb@tempcnta=\count147
)
\csq@reset=\count148
\csq@gtype=\count149
\csq@glevel=\count150
\csq@qlevel=\count151
\csq@maxlvl=\count152
\csq@tshold=\count153
\csq@ltx@everypar=\toks34

(/usr/share/texmf-dist/tex/latex/csquotes/csquotes.def
File: csquotes.def 2011/10/22 v5.1d csquotes generic definitions
)
Package csquotes Info: Trying to load configuration file 'csquotes.cfg'...
Package csquotes Info: ... configuration file loaded successfully.

(/usr/share/texmf-dist/tex/latex/csquotes/csquotes.cfg
File: csquotes.cfg 
))
(/usr/share/texmf-dist/tex/latex/parskip/parskip.sty
Package: parskip 2001/04/09 non-zero parskip adjustments
)
(/usr/share/texmf-dist/tex/latex/glossaries/base/glossaries.sty
Package: glossaries 2014/01/20 v4.03 (NLCT)

(/usr/share/texmf-dist/tex/latex/glossaries/base/mfirstuc.sty
Package: mfirstuc 2013/11/04 v1.08 (NLCT)
\@glsmfirst=\toks35
\@glsmrest=\toks36
)
(/usr/share/texmf-dist/tex/latex/textcase/textcase.sty
Package: textcase 2004/10/07 v0.07 Text only upper/lower case changing (DPC)
)
(/usr/share/texmf-dist/tex/latex/xfor/xfor.sty
Package: xfor 2009/02/05 v1.05 (NLCT)
)
(/usr/share/texmf-dist/tex/latex/datatool/datatool-base.sty
Package: datatool-base 2013/09/06 v2.18 (NLCT)

(/usr/share/texmf-dist/tex/latex/substr/substr.sty
Package: substr 2009/10/20 v1.2 Handle substrings
\c@su@anzahl=\count154
)
(/usr/share/texmf-dist/tex/latex/datatool/datatool-fp.sty
Package: datatool-fp 2013/08/29 v2.17 (NLCT)

(/usr/share/texmf-dist/tex/latex/fp/fp.sty
Package: fp 1995/04/02

`Fixed Point Package', Version 0.8, April 2, 1995 (C) Michael Mehlich
(/usr/share/texmf-dist/tex/latex/fp/defpattern.sty
Package: defpattern 1994/10/12
\actioncount=\count155
)
(/usr/share/texmf-dist/tex/latex/fp/fp-basic.sty
Package: fp-basic 1996/05/13
\FP@xs=\count156
\FP@xia=\count157
\FP@xib=\count158
\FP@xfa=\count159
\FP@xfb=\count160
\FP@rega=\count161
\FP@regb=\count162
\FP@regs=\count163
\FP@times=\count164
)
(/usr/share/texmf-dist/tex/latex/fp/fp-addons.sty
Package: fp-addons 1995/03/15
)
(/usr/share/texmf-dist/tex/latex/fp/fp-snap.sty
Package: fp-snap 1995/04/05
)
(/usr/share/texmf-dist/tex/latex/fp/fp-exp.sty
Package: fp-exp 1995/04/03
)
(/usr/share/texmf-dist/tex/latex/fp/fp-trigo.sty
Package: fp-trigo 1995/04/14
)
(/usr/share/texmf-dist/tex/latex/fp/fp-pas.sty
Package: fp-pas 1994/08/29
)
(/usr/share/texmf-dist/tex/latex/fp/fp-random.sty
Package: fp-random 1995/02/23
\FPseed=\count165
)
(/usr/share/texmf-dist/tex/latex/fp/fp-eqn.sty
Package: fp-eqn 1995/04/03
)
(/usr/share/texmf-dist/tex/latex/fp/fp-upn.sty
Package: fp-upn 1996/10/21
)
(/usr/share/texmf-dist/tex/latex/fp/fp-eval.sty
Package: fp-eval 1995/04/03
)))
\@dtl@toks=\toks37
\@dtl@tmpcount=\count166
\dtl@tmplength=\skip51
\dtl@sortresult=\count167
\@dtl@numgrpsepcount=\count168
\@dtl@datatype=\count169
\dtl@codeA=\count170
\dtl@codeB=\count171
\@dtl@foreach@level=\count172
)
(/usr/share/texmf-dist/tex/latex/glossaries/base/glossaries-compatible-307.sty
Package: glossaries-compatible-307 2013/11/14 v4.0 (NLCT)
)
\gls@level=\count173
\@gls@tmpb=\toks38
\gls@tmplen=\skip52
\glswrite=\write4
\glskeylisttok=\toks39
\glslabeltok=\toks40
\glsshorttok=\toks41
\glslongtok=\toks42
(/usr/share/texmf-dist/tex/latex/glossaries/styles/glossary-hypernav.sty
Package: glossary-hypernav 2013/11/14 v4.0 (NLCT)
)
(/usr/share/texmf-dist/tex/latex/glossaries/styles/glossary-list.sty
Package: glossary-list 2013/11/14 v4.0 (NLCT)
\glslistdottedwidth=\skip53
)
(/usr/share/texmf-dist/tex/latex/glossaries/styles/glossary-long.sty
Package: glossary-long 2013/11/14 v4.0 (NLCT)

(/usr/share/texmf-dist/tex/latex/tools/longtable.sty
Package: longtable 2004/02/01 v4.11 Multi-page Table package (DPC)
\LTleft=\skip54
\LTright=\skip55
\LTpre=\skip56
\LTpost=\skip57
\LTchunksize=\count174
\LTcapwidth=\dimen192
\LT@head=\box42
\LT@firsthead=\box43
\LT@foot=\box44
\LT@lastfoot=\box45
\LT@cols=\count175
\LT@rows=\count176
\c@LT@tables=\count177
\c@LT@chunks=\count178
\LT@p@ftn=\toks43
)
\glsdescwidth=\skip58
\glspagelistwidth=\skip59
)
(/usr/share/texmf-dist/tex/latex/glossaries/styles/glossary-super.sty
Package: glossary-super 2013/11/14 v4.0 (NLCT)

(/usr/share/texmf-dist/tex/latex/supertabular/supertabular.sty
Package: supertabular 2004/02/20 v4.1e the supertabular environment
\c@tracingst=\count179
\ST@wd=\dimen193
\ST@rightskip=\skip60
\ST@leftskip=\skip61
\ST@parfillskip=\skip62
\ST@pageleft=\dimen194
\ST@headht=\dimen195
\ST@tailht=\dimen196
\ST@pagesofar=\dimen197
\ST@pboxht=\dimen198
\ST@lineht=\dimen199
\ST@stretchht=\dimen200
\ST@prevht=\dimen201
\ST@toadd=\dimen202
\ST@dimen=\dimen203
\ST@pbox=\box46
))
(/usr/share/texmf-dist/tex/latex/glossaries/styles/glossary-tree.sty
Package: glossary-tree 2013/11/14 v4.0 (NLCT)
\glstreeindent=\skip63
))
\glo@main@file=\write5
\openout5 = `report.glo'.

Package glossaries Info: Writing glossary file report.glo on input line 40.
\glo@acronym@file=\write6
\openout6 = `report.acn'.

Package glossaries Info: Writing glossary file report.acn on input line 40.
Package csquotes Info: Checking for multilingual support...
Package csquotes Info: ... none found.

(./report.aux)
\openout1 = `report.aux'.

LaTeX Font Info:    Checking defaults for OML/cmm/m/it on input line 66.
LaTeX Font Info:    ... okay on input line 66.
LaTeX Font Info:    Checking defaults for T1/cmr/m/n on input line 66.
LaTeX Font Info:    ... okay on input line 66.
LaTeX Font Info:    Checking defaults for OT1/cmr/m/n on input line 66.
LaTeX Font Info:    ... okay on input line 66.
LaTeX Font Info:    Checking defaults for OMS/cmsy/m/n on input line 66.
LaTeX Font Info:    ... okay on input line 66.
LaTeX Font Info:    Checking defaults for OMX/cmex/m/n on input line 66.
LaTeX Font Info:    ... okay on input line 66.
LaTeX Font Info:    Checking defaults for U/cmr/m/n on input line 66.
LaTeX Font Info:    ... okay on input line 66.
LaTeX Font Info:    Checking defaults for PD1/pdf/m/n on input line 66.
LaTeX Font Info:    ... okay on input line 66.
 (/usr/share/texmf-dist/tex/context/base/supp-pdf.mkii
[Loading MPS to PDF converter (version 2006.09.02).]
\scratchcounter=\count180
\scratchdimen=\dimen204
\scratchbox=\box47
\nofMPsegments=\count181
\nofMParguments=\count182
\everyMPshowfont=\toks44
\MPscratchCnt=\count183
\MPscratchDim=\dimen205
\MPnumerator=\count184
\makeMPintoPDFobject=\count185
\everyMPtoPDFconversion=\toks45
) (/usr/share/texmf-dist/tex/latex/oberdiek/epstopdf-base.sty
Package: epstopdf-base 2010/02/09 v2.5 Base part for package epstopdf

(/usr/share/texmf-dist/tex/latex/oberdiek/grfext.sty
Package: grfext 2010/08/19 v1.1 Manage graphics extensions (HO)
)
Package grfext Info: Graphics extension search list:
(grfext)             [.png,.pdf,.jpg,.mps,.jpeg,.jbig2,.jb2,.PNG,.PDF,.JPG,.JPE
G,.JBIG2,.JB2,.eps]
(grfext)             \AppendGraphicsExtensions on input line 452.

(/usr/share/texmf-dist/tex/latex/latexconfig/epstopdf-sys.cfg
File: epstopdf-sys.cfg 2010/07/13 v1.3 Configuration of (r)epstopdf for TeX Liv
e
))
*geometry* driver: auto-detecting
*geometry* detected driver: pdftex
*geometry* verbose mode - [ preamble ] result:
* driver: pdftex
* paper: a4paper
* layout: <same size as paper>
* layoutoffset:(h,v)=(0.0pt,0.0pt)
* modes: 
* h-part:(L,W,R)=(89.62709pt, 418.25368pt, 89.6271pt)
* v-part:(T,H,B)=(101.40665pt, 591.5302pt, 152.11pt)
* \paperwidth=597.50787pt
* \paperheight=845.04684pt
* \textwidth=452.9679pt
* \textheight=670.50687pt
* \oddsidemargin=0.0pt
* \evensidemargin=0.0pt
* \topmargin=0.0pt
* \headheight=0.0pt
* \headsep=0.0pt
* \topskip=11.0pt
* \footskip=30.0pt
* \marginparwidth=50.0pt
* \marginparsep=10.0pt
* \columnsep=10.0pt
* \skip\footins=10.0pt plus 4.0pt minus 2.0pt
* \hoffset=0.0pt
* \voffset=0.0pt
* \mag=1000
* \@twocolumnfalse
* \@twosidefalse
* \@mparswitchfalse
* \@reversemarginfalse
* (1in=72.27pt=25.4mm, 1cm=28.453pt)

Package caption Info: Begin \AtBeginDocument code.
Package caption Info: hyperref package is loaded.
Package caption Info: longtable package is loaded.
(/usr/share/texmf-dist/tex/latex/caption/ltcaption.sty
Package: ltcaption 2013/02/03 v1.3-62 longtable captions (AR)
)
Package caption Info: supertabular package is loaded.
Package caption Info: End \AtBeginDocument code.
\AtBeginShipoutBox=\box48
Package hyperref Info: Link coloring OFF on input line 66.

(/usr/share/texmf-dist/tex/latex/hyperref/nameref.sty
Package: nameref 2012/10/27 v2.43 Cross-referencing by name of section

(/usr/share/texmf-dist/tex/generic/oberdiek/gettitlestring.sty
Package: gettitlestring 2010/12/03 v1.4 Cleanup title references (HO)
)
\c@section@level=\count186
)
LaTeX Info: Redefining \ref on input line 66.
LaTeX Info: Redefining \pageref on input line 66.
LaTeX Info: Redefining \nameref on input line 66.
 (./report.out) (./report.out)
\@outlinefile=\write7
\openout7 = `report.out'.

 ABD: EveryShipout initializing macros (./report.glsdefs)
LaTeX Font Info:    Try loading font information for U+msa on input line 84.

(/usr/share/texmf-dist/tex/latex/amsfonts/umsa.fd
File: umsa.fd 2013/01/14 v3.01 AMS symbols A
)
LaTeX Font Info:    Try loading font information for U+msb on input line 84.

(/usr/share/texmf-dist/tex/latex/amsfonts/umsb.fd
File: umsb.fd 2013/01/14 v3.01 AMS symbols B
) [1

\openout4 = `report.ist'.


{/var/lib/texmf/fonts/map/pdftex/updmap/pdftex.map}] (./report.tdo [2])
\tf@tdo=\write8
\openout8 = `report.tdo'.

 [3]
\@gls@deffile=\write9
\openout9 = `report.glsdefs'.

 (./report.toc)
\tf@toc=\write10
\openout10 = `report.toc'.

 (./report.gls) (./report.acr [4]) [5] (./intro.tex
Package hyperref Info: bookmark level for unknown todo defaults to 0 on input l
ine 2.


LaTeX Warning: Marginpar on page 1 moved.


LaTeX Warning: Marginpar on page 1 moved.


LaTeX Warning: Marginpar on page 1 moved.


LaTeX Warning: Marginpar on page 1 moved.


LaTeX Warning: Marginpar on page 1 moved.


LaTeX Warning: Marginpar on page 1 moved.

(./figures/sleep_description.tex
<figures/sleep_description.pdf, id=291, 2001.17142pt x 491.35254pt>
File: figures/sleep_description.pdf Graphic file (type pdf)

<use figures/sleep_description.pdf>
Package pdftex.def Info: figures/sleep_description.pdf used on input line 3.
(pdftex.def)             Requested size: 430.31812pt x 105.65372pt.


LaTeX Warning: `!h' float specifier changed to `!ht'.

)
Overfull \hbox (3.84105pt too wide) in paragraph at lines 45--45
[][][][][]\OT1/cmr/bx/n/10.95 Citation 
 []


Overfull \hbox (3.20235pt too wide) in paragraph at lines 45--45
\OT1/cmr/bx/n/10.95 Needed:  
 []


Overfull \hbox (3.84105pt too wide) in paragraph at lines 45--45
[][][][]\OT1/cmr/bx/n/10.95 Citation 
 []


Overfull \hbox (3.20235pt too wide) in paragraph at lines 45--45
\OT1/cmr/bx/n/10.95 Needed:  
 []

Missing character: There is no ; in font nullfont!

Overfull \hbox (3.84105pt too wide) in paragraph at lines 45--45
[][][][]\OT1/cmr/bx/n/10.95 Citation 
 []


Overfull \hbox (3.20235pt too wide) in paragraph at lines 45--45
\OT1/cmr/bx/n/10.95 Needed:  
 []


Overfull \hbox (3.84105pt too wide) in paragraph at lines 45--45
[][][][]\OT1/cmr/bx/n/10.95 Citation 
 []


Overfull \hbox (3.20235pt too wide) in paragraph at lines 45--45
\OT1/cmr/bx/n/10.95 Needed:  
 []

Missing character: There is no ; in font nullfont!
[1] [2 <./figures/sleep_description.pdf>] [3]) [4] (./matmet.tex
Overfull \hbox (7.32693pt too wide) in paragraph at lines 5--12
[]\OT1/cmr/m/n/10.95 In this study, 12 male mice (Tg(Gal-cre)KI87Gsat/Mmucd, FV
B/N-Crl:CD1(ICR) hy-brid strain),
 []


Overfull \hbox (3.84105pt too wide) in paragraph at lines 13--13
[][][][]\OT1/cmr/bx/n/10.95 Citation 
 []


Overfull \hbox (3.20235pt too wide) in paragraph at lines 13--13
\OT1/cmr/bx/n/10.95 Needed: 
 []


Overfull \hbox (3.84105pt too wide) in paragraph at lines 13--13
[][][][]\OT1/cmr/bx/n/10.95 Citation 
 []


Overfull \hbox (3.20235pt too wide) in paragraph at lines 13--13
\OT1/cmr/bx/n/10.95 Needed: 
 []

Missing character: There is no ; in font nullfont!

Overfull \hbox (3.84105pt too wide) in paragraph at lines 13--13
[][][][]\OT1/cmr/bx/n/10.95 Citation 
 []


Overfull \hbox (3.20235pt too wide) in paragraph at lines 13--13
\OT1/cmr/bx/n/10.95 Needed: 
 []


Overfull \hbox (3.84105pt too wide) in paragraph at lines 13--13
[][][][]\OT1/cmr/bx/n/10.95 Citation 
 []


Overfull \hbox (3.20235pt too wide) in paragraph at lines 13--13
\OT1/cmr/bx/n/10.95 Needed: 
 []

Missing character: There is no ; in font nullfont!

Overfull \hbox (3.84105pt too wide) in paragraph at lines 18--18
[][][][][]\OT1/cmr/bx/n/10.95 Citation 
 []


Overfull \hbox (3.20235pt too wide) in paragraph at lines 18--18
\OT1/cmr/bx/n/10.95 Needed:  
 []


Overfull \hbox (3.84105pt too wide) in paragraph at lines 18--18
[][][][]\OT1/cmr/bx/n/10.95 Citation 
 []


Overfull \hbox (3.20235pt too wide) in paragraph at lines 18--18
\OT1/cmr/bx/n/10.95 Needed:  
 []

Missing character: There is no ; in font nullfont!

Overfull \hbox (3.84105pt too wide) in paragraph at lines 18--18
[][][][]\OT1/cmr/bx/n/10.95 Citation 
 []


Overfull \hbox (3.20235pt too wide) in paragraph at lines 18--18
\OT1/cmr/bx/n/10.95 Needed:  
 []


Overfull \hbox (3.84105pt too wide) in paragraph at lines 18--18
[][][][]\OT1/cmr/bx/n/10.95 Citation 
 []


Overfull \hbox (3.20235pt too wide) in paragraph at lines 18--18
\OT1/cmr/bx/n/10.95 Needed:  
 []

Missing character: There is no ; in font nullfont!

Overfull \hbox (3.84105pt too wide) in paragraph at lines 25--25
[][][][][]\OT1/cmr/bx/n/10.95 Citation 
 []


Overfull \hbox (3.20235pt too wide) in paragraph at lines 25--25
\OT1/cmr/bx/n/10.95 Needed: 
 []


Overfull \hbox (3.84105pt too wide) in paragraph at lines 25--25
[][][][]\OT1/cmr/bx/n/10.95 Citation 
 []


Overfull \hbox (3.20235pt too wide) in paragraph at lines 25--25
\OT1/cmr/bx/n/10.95 Needed: 
 []

Missing character: There is no ; in font nullfont!

Overfull \hbox (3.84105pt too wide) in paragraph at lines 25--25
[][][][]\OT1/cmr/bx/n/10.95 Citation 
 []


Overfull \hbox (3.20235pt too wide) in paragraph at lines 25--25
\OT1/cmr/bx/n/10.95 Needed: 
 []


Overfull \hbox (3.84105pt too wide) in paragraph at lines 25--25
[][][][]\OT1/cmr/bx/n/10.95 Citation 
 []


Overfull \hbox (3.20235pt too wide) in paragraph at lines 25--25
\OT1/cmr/bx/n/10.95 Needed: 
 []

Missing character: There is no ; in font nullfont!

Overfull \hbox (3.84105pt too wide) in paragraph at lines 28--28
[][][][][]\OT1/cmr/bx/n/10.95 Citation 
 []


Overfull \hbox (3.20235pt too wide) in paragraph at lines 28--28
\OT1/cmr/bx/n/10.95 Needed:  
 []


Overfull \hbox (3.84105pt too wide) in paragraph at lines 28--28
[][][][]\OT1/cmr/bx/n/10.95 Citation 
 []


Overfull \hbox (3.20235pt too wide) in paragraph at lines 28--28
\OT1/cmr/bx/n/10.95 Needed:  
 []

Missing character: There is no ; in font nullfont!

Overfull \hbox (3.84105pt too wide) in paragraph at lines 28--28
[][][][]\OT1/cmr/bx/n/10.95 Citation 
 []


Overfull \hbox (3.20235pt too wide) in paragraph at lines 28--28
\OT1/cmr/bx/n/10.95 Needed:  
 []


Overfull \hbox (3.84105pt too wide) in paragraph at lines 28--28
[][][][]\OT1/cmr/bx/n/10.95 Citation 
 []


Overfull \hbox (3.20235pt too wide) in paragraph at lines 28--28
\OT1/cmr/bx/n/10.95 Needed:  
 []

Missing character: There is no ; in font nullfont!
[5] (./figures/dwd.tex <figures/dwd.pdf, id=351, 1174.97833pt x 890.85098pt>
File: figures/dwd.pdf Graphic file (type pdf)

<use figures/dwd.pdf>
Package pdftex.def Info: figures/dwd.pdf used on input line 3.
(pdftex.def)             Requested size: 430.31812pt x 326.25217pt.
) [6 <./figures/dwd.pdf>] (./tables/features.tex) [7]
Overfull \hbox (3.84105pt too wide) in paragraph at lines 92--92
[][][][]\OT1/cmr/bx/n/10.95 Citation 
 []


Overfull \hbox (3.20235pt too wide) in paragraph at lines 92--92
\OT1/cmr/bx/n/10.95 Needed:  
 []


Overfull \hbox (3.84105pt too wide) in paragraph at lines 92--92
[][][][]\OT1/cmr/bx/n/10.95 Citation 
 []


Overfull \hbox (3.20235pt too wide) in paragraph at lines 92--92
\OT1/cmr/bx/n/10.95 Needed:  
 []

Missing character: There is no ; in font nullfont!

Overfull \hbox (3.84105pt too wide) in paragraph at lines 92--92
[][][][]\OT1/cmr/bx/n/10.95 Citation 
 []


Overfull \hbox (3.20235pt too wide) in paragraph at lines 92--92
\OT1/cmr/bx/n/10.95 Needed:  
 []


Overfull \hbox (3.84105pt too wide) in paragraph at lines 92--92
[][][][]\OT1/cmr/bx/n/10.95 Citation 
 []


Overfull \hbox (3.20235pt too wide) in paragraph at lines 92--92
\OT1/cmr/bx/n/10.95 Needed:  
 []

Missing character: There is no ; in font nullfont!

Overfull \hbox (3.84105pt too wide) in paragraph at lines 98--98
[][][][][]\OT1/cmr/bx/n/10.95 Citation 
 []


Overfull \hbox (3.20235pt too wide) in paragraph at lines 98--98
\OT1/cmr/bx/n/10.95 Needed:  
 []


Overfull \hbox (3.84105pt too wide) in paragraph at lines 98--98
[][][][]\OT1/cmr/bx/n/10.95 Citation 
 []


Overfull \hbox (3.20235pt too wide) in paragraph at lines 98--98
\OT1/cmr/bx/n/10.95 Needed:  
 []

Missing character: There is no ; in font nullfont!

Overfull \hbox (3.84105pt too wide) in paragraph at lines 98--98
[][][][]\OT1/cmr/bx/n/10.95 Citation 
 []


Overfull \hbox (3.20235pt too wide) in paragraph at lines 98--98
\OT1/cmr/bx/n/10.95 Needed:  
 []


Overfull \hbox (3.84105pt too wide) in paragraph at lines 98--98
[][][][]\OT1/cmr/bx/n/10.95 Citation 
 []


Overfull \hbox (3.20235pt too wide) in paragraph at lines 98--98
\OT1/cmr/bx/n/10.95 Needed:  
 []

Missing character: There is no ; in font nullfont!
[8]
Overfull \hbox (3.84105pt too wide) in paragraph at lines 143--143
[][][][][]\OT1/cmr/bx/n/10.95 Citation 
 []


Overfull \hbox (3.20235pt too wide) in paragraph at lines 143--143
\OT1/cmr/bx/n/10.95 Needed:  
 []


Overfull \hbox (3.84105pt too wide) in paragraph at lines 143--143
[][][][]\OT1/cmr/bx/n/10.95 Citation 
 []


Overfull \hbox (3.20235pt too wide) in paragraph at lines 143--143
\OT1/cmr/bx/n/10.95 Needed:  
 []

Missing character: There is no ; in font nullfont!

Overfull \hbox (3.84105pt too wide) in paragraph at lines 143--143
[][][][]\OT1/cmr/bx/n/10.95 Citation 
 []


Overfull \hbox (3.20235pt too wide) in paragraph at lines 143--143
\OT1/cmr/bx/n/10.95 Needed:  
 []


Overfull \hbox (3.84105pt too wide) in paragraph at lines 143--143
[][][][]\OT1/cmr/bx/n/10.95 Citation 
 []


Overfull \hbox (3.20235pt too wide) in paragraph at lines 143--143
\OT1/cmr/bx/n/10.95 Needed:  
 []

Missing character: There is no ; in font nullfont!

Overfull \hbox (3.84105pt too wide) in paragraph at lines 147--147
[][][][][]\OT1/cmr/bx/n/10.95 Citation 
 []


Overfull \hbox (3.20235pt too wide) in paragraph at lines 147--147
\OT1/cmr/bx/n/10.95 Needed:  
 []


Overfull \hbox (3.84105pt too wide) in paragraph at lines 147--147
[][][][]\OT1/cmr/bx/n/10.95 Citation 
 []


Overfull \hbox (3.20235pt too wide) in paragraph at lines 147--147
\OT1/cmr/bx/n/10.95 Needed:  
 []

Missing character: There is no ; in font nullfont!

Overfull \hbox (3.84105pt too wide) in paragraph at lines 147--147
[][][][]\OT1/cmr/bx/n/10.95 Citation 
 []


Overfull \hbox (3.20235pt too wide) in paragraph at lines 147--147
\OT1/cmr/bx/n/10.95 Needed:  
 []


Overfull \hbox (3.84105pt too wide) in paragraph at lines 147--147
[][][][]\OT1/cmr/bx/n/10.95 Citation 
 []


Overfull \hbox (3.20235pt too wide) in paragraph at lines 147--147
\OT1/cmr/bx/n/10.95 Needed:  
 []

Missing character: There is no ; in font nullfont!

Overfull \hbox (3.84105pt too wide) in paragraph at lines 151--151
[][][][][]\OT1/cmr/bx/n/10.95 Citation 
 []


Overfull \hbox (3.20235pt too wide) in paragraph at lines 151--151
\OT1/cmr/bx/n/10.95 Needed:  
 []


Overfull \hbox (3.84105pt too wide) in paragraph at lines 151--151
[][][][]\OT1/cmr/bx/n/10.95 Citation 
 []


Overfull \hbox (3.20235pt too wide) in paragraph at lines 151--151
\OT1/cmr/bx/n/10.95 Needed:  
 []

Missing character: There is no ; in font nullfont!

Overfull \hbox (3.84105pt too wide) in paragraph at lines 151--151
[][][][]\OT1/cmr/bx/n/10.95 Citation 
 []


Overfull \hbox (3.20235pt too wide) in paragraph at lines 151--151
\OT1/cmr/bx/n/10.95 Needed:  
 []


Overfull \hbox (3.84105pt too wide) in paragraph at lines 151--151
[][][][]\OT1/cmr/bx/n/10.95 Citation 
 []


Overfull \hbox (3.20235pt too wide) in paragraph at lines 151--151
\OT1/cmr/bx/n/10.95 Needed:  
 []

Missing character: There is no ; in font nullfont!
[9]
Overfull \hbox (3.84105pt too wide) in paragraph at lines 154--154
[][][][]\OT1/cmr/bx/n/10.95 Citation 
 []


Overfull \hbox (3.20235pt too wide) in paragraph at lines 154--154
\OT1/cmr/bx/n/10.95 Needed:  
 []


Overfull \hbox (3.84105pt too wide) in paragraph at lines 154--154
[][][][]\OT1/cmr/bx/n/10.95 Citation 
 []


Overfull \hbox (3.20235pt too wide) in paragraph at lines 154--154
\OT1/cmr/bx/n/10.95 Needed:  
 []

Missing character: There is no ; in font nullfont!

Overfull \hbox (3.84105pt too wide) in paragraph at lines 154--154
[][][][]\OT1/cmr/bx/n/10.95 Citation 
 []


Overfull \hbox (3.20235pt too wide) in paragraph at lines 154--154
\OT1/cmr/bx/n/10.95 Needed:  
 []


Overfull \hbox (3.84105pt too wide) in paragraph at lines 154--154
[][][][]\OT1/cmr/bx/n/10.95 Citation 
 []


Overfull \hbox (3.20235pt too wide) in paragraph at lines 154--154
\OT1/cmr/bx/n/10.95 Needed:  
 []

Missing character: There is no ; in font nullfont!
) [10] (./results.tex
LaTeX Font Info:    Font shape `OT1/cmtt/bx/n' in size <12> not available
(Font)              Font shape `OT1/cmtt/m/n' tried instead on input line 4.

Overfull \hbox (3.84105pt too wide) in paragraph at lines 5--5
[][][][]\OT1/cmr/bx/n/10.95 Citation 
 []


Overfull \hbox (3.20235pt too wide) in paragraph at lines 5--5
\OT1/cmr/bx/n/10.95 Needed:  
 []


Overfull \hbox (3.84105pt too wide) in paragraph at lines 5--5
[][][][]\OT1/cmr/bx/n/10.95 Citation 
 []


Overfull \hbox (3.20235pt too wide) in paragraph at lines 5--5
\OT1/cmr/bx/n/10.95 Needed:  
 []

Missing character: There is no ; in font nullfont!

Overfull \hbox (3.84105pt too wide) in paragraph at lines 5--5
[][][][]\OT1/cmr/bx/n/10.95 Citation 
 []


Overfull \hbox (3.20235pt too wide) in paragraph at lines 5--5
\OT1/cmr/bx/n/10.95 Needed:  
 []


Overfull \hbox (3.84105pt too wide) in paragraph at lines 5--5
[][][][]\OT1/cmr/bx/n/10.95 Citation 
 []


Overfull \hbox (3.20235pt too wide) in paragraph at lines 5--5
\OT1/cmr/bx/n/10.95 Needed:  
 []

Missing character: There is no ; in font nullfont!

Overfull \hbox (3.84105pt too wide) in paragraph at lines 10--10
[][][][][]\OT1/cmr/bx/n/10.95 Citation 
 []


Overfull \hbox (3.20235pt too wide) in paragraph at lines 10--10
\OT1/cmr/bx/n/10.95 Needed:  
 []


Overfull \hbox (3.84105pt too wide) in paragraph at lines 10--10
[][][][]\OT1/cmr/bx/n/10.95 Citation 
 []


Overfull \hbox (3.20235pt too wide) in paragraph at lines 10--10
\OT1/cmr/bx/n/10.95 Needed:  
 []

Missing character: There is no ; in font nullfont!

Overfull \hbox (3.84105pt too wide) in paragraph at lines 10--10
[][][][]\OT1/cmr/bx/n/10.95 Citation 
 []


Overfull \hbox (3.20235pt too wide) in paragraph at lines 10--10
\OT1/cmr/bx/n/10.95 Needed:  
 []


Overfull \hbox (3.84105pt too wide) in paragraph at lines 10--10
[][][][]\OT1/cmr/bx/n/10.95 Citation 
 []


Overfull \hbox (3.20235pt too wide) in paragraph at lines 10--10
\OT1/cmr/bx/n/10.95 Needed:  
 []

Missing character: There is no ; in font nullfont!

Overfull \hbox (3.84105pt too wide) in paragraph at lines 10--10
[][][][]\OT1/cmr/bx/n/10.95 Citation 
 []


Overfull \hbox (3.20235pt too wide) in paragraph at lines 10--10
\OT1/cmr/bx/n/10.95 Needed:  
 []


Overfull \hbox (3.84105pt too wide) in paragraph at lines 10--10
[][][][]\OT1/cmr/bx/n/10.95 Citation 
 []


Overfull \hbox (3.20235pt too wide) in paragraph at lines 10--10
\OT1/cmr/bx/n/10.95 Needed:  
 []

Missing character: There is no ; in font nullfont!

Overfull \hbox (3.84105pt too wide) in paragraph at lines 10--10
[][][][]\OT1/cmr/bx/n/10.95 Citation 
 []


Overfull \hbox (3.20235pt too wide) in paragraph at lines 10--10
\OT1/cmr/bx/n/10.95 Needed:  
 []


Overfull \hbox (3.84105pt too wide) in paragraph at lines 10--10
[][][][]\OT1/cmr/bx/n/10.95 Citation 
 []


Overfull \hbox (3.20235pt too wide) in paragraph at lines 10--10
\OT1/cmr/bx/n/10.95 Needed:  
 []

Missing character: There is no ; in font nullfont!
(./tables/benchmark.tex
LaTeX Font Info:    Try loading font information for OMS+cmr on input line 15.
 (/usr/share/texmf-dist/tex/latex/base/omscmr.fd
File: omscmr.fd 1999/05/25 v2.5h Standard LaTeX font definitions
)
LaTeX Font Info:    Font shape `OMS/cmr/bx/n' in size <9> not available
(Font)              Font shape `OMS/cmsy/b/n' tried instead on input line 15.
LaTeX Font Info:    Font shape `OMS/cmr/m/n' in size <6> not available
(Font)              Font shape `OMS/cmsy/m/n' tried instead on input line 23.
)

LaTeX Warning: Marginpar on page 11 moved.

[11] (./figures/variable_elimination.tex
<figures/variable_elimination.pdf, id=534, 865.22252pt x 790.64267pt>
File: figures/variable_elimination.pdf Graphic file (type pdf)

<use figures/variable_elimination.pdf>
Package pdftex.def Info: figures/variable_elimination.pdf used on input line 3.

(pdftex.def)             Requested size: 226.48395pt x 206.96169pt.


LaTeX Warning: `!h' float specifier changed to `!ht'.

) (./tables/importances.tex [12]) [13 <./figures/variable_elimination.pdf>]
(./figures/temporal_integration.tex
<figures/temporal_integration.pdf, id=553, 844.16306pt x 891.01498pt>
File: figures/temporal_integration.pdf Graphic file (type pdf)

<use figures/temporal_integration.pdf>
Package pdftex.def Info: figures/temporal_integration.pdf used on input line 3.

(pdftex.def)             Requested size: 226.48395pt x 239.05453pt.


LaTeX Warning: `!h' float specifier changed to `!ht'.

) (./figures/struct_assess.tex
<figures/struct_assess.pdf, id=558, 1589.54092pt x 776.78206pt>
File: figures/struct_assess.pdf Graphic file (type pdf)

<use figures/struct_assess.pdf>
Package pdftex.def Info: figures/struct_assess.pdf used on input line 3.
(pdftex.def)             Requested size: 452.9679pt x 221.34962pt.


LaTeX Warning: `!h' float specifier changed to `!ht'.

) (./tables/confus.tex

LaTeX Warning: `!h' float specifier changed to `!ht'.

) [14]

LaTeX Warning: Text page 15 contains only floats.


Overfull \vbox (0.8973pt too high) has occurred while \output is active []


[15 <./figures/temporal_integration.pdf> <./figures/struct_assess.pdf

pdfTeX warning: /usr/bin/pdflatex (file ./figures/struct_assess.pdf): PDF inclu
sion: multiple pdfs with page group included in a single page
>]
Overfull \hbox (3.84105pt too wide) in paragraph at lines 86--86
[][][][]\OT1/cmr/bx/n/10.95 Citation 
 []


Overfull \hbox (3.20235pt too wide) in paragraph at lines 86--86
\OT1/cmr/bx/n/10.95 Needed:  
 []


Overfull \hbox (3.84105pt too wide) in paragraph at lines 86--86
[][][][]\OT1/cmr/bx/n/10.95 Citation 
 []


Overfull \hbox (3.20235pt too wide) in paragraph at lines 86--86
\OT1/cmr/bx/n/10.95 Needed:  
 []

Missing character: There is no ; in font nullfont!

Overfull \hbox (3.84105pt too wide) in paragraph at lines 86--86
[][][][]\OT1/cmr/bx/n/10.95 Citation 
 []


Overfull \hbox (3.20235pt too wide) in paragraph at lines 86--86
\OT1/cmr/bx/n/10.95 Needed:  
 []


Overfull \hbox (3.84105pt too wide) in paragraph at lines 86--86
[][][][]\OT1/cmr/bx/n/10.95 Citation 
 []


Overfull \hbox (3.20235pt too wide) in paragraph at lines 86--86
\OT1/cmr/bx/n/10.95 Needed:  
 []

Missing character: There is no ; in font nullfont!

Overfull \hbox (3.84105pt too wide) in paragraph at lines 89--89
[][][][]\OT1/cmr/bx/n/10.95 Citation 
 []


Overfull \hbox (3.20235pt too wide) in paragraph at lines 89--89
\OT1/cmr/bx/n/10.95 Needed:  
 []


Overfull \hbox (3.84105pt too wide) in paragraph at lines 89--89
[][][][]\OT1/cmr/bx/n/10.95 Citation 
 []


Overfull \hbox (3.20235pt too wide) in paragraph at lines 89--89
\OT1/cmr/bx/n/10.95 Needed:  
 []

Missing character: There is no ; in font nullfont!

Overfull \hbox (3.84105pt too wide) in paragraph at lines 89--89
[][][][]\OT1/cmr/bx/n/10.95 Citation 
 []


Overfull \hbox (3.20235pt too wide) in paragraph at lines 89--89
\OT1/cmr/bx/n/10.95 Needed:  
 []


Overfull \hbox (3.84105pt too wide) in paragraph at lines 89--89
[][][][]\OT1/cmr/bx/n/10.95 Citation 
 []


Overfull \hbox (3.20235pt too wide) in paragraph at lines 89--89
\OT1/cmr/bx/n/10.95 Needed:  
 []

Missing character: There is no ; in font nullfont!
(./figures/error.tex <figures/error.pdf, id=589, 1732.09586pt x 1832.43715pt>
File: figures/error.pdf Graphic file (type pdf)

<use figures/error.pdf>
Package pdftex.def Info: figures/error.pdf used on input line 3.
(pdftex.def)             Requested size: 452.9679pt x 479.19054pt.


LaTeX Warning: `!h' float specifier changed to `!ht'.

) [16]) [17 <./figures/error.pdf>] (./discussion.tex
Overfull \hbox (3.84105pt too wide) in paragraph at lines 9--9
[][][][][]\OT1/cmr/bx/n/10.95 Citation 
 []


Overfull \hbox (3.20235pt too wide) in paragraph at lines 9--9
\OT1/cmr/bx/n/10.95 Needed:  
 []


Overfull \hbox (3.84105pt too wide) in paragraph at lines 9--9
[][][][]\OT1/cmr/bx/n/10.95 Citation 
 []


Overfull \hbox (3.20235pt too wide) in paragraph at lines 9--9
\OT1/cmr/bx/n/10.95 Needed:  
 []

Missing character: There is no ; in font nullfont!

Overfull \hbox (3.84105pt too wide) in paragraph at lines 9--9
[][][][]\OT1/cmr/bx/n/10.95 Citation 
 []


Overfull \hbox (3.20235pt too wide) in paragraph at lines 9--9
\OT1/cmr/bx/n/10.95 Needed:  
 []


Overfull \hbox (3.84105pt too wide) in paragraph at lines 9--9
[][][][]\OT1/cmr/bx/n/10.95 Citation 
 []


Overfull \hbox (3.20235pt too wide) in paragraph at lines 9--9
\OT1/cmr/bx/n/10.95 Needed:  
 []

Missing character: There is no ; in font nullfont!

Overfull \hbox (3.84105pt too wide) in paragraph at lines 28--28
[][][][][]\OT1/cmr/bx/n/10.95 Citation 
 []


Overfull \hbox (3.20235pt too wide) in paragraph at lines 28--28
\OT1/cmr/bx/n/10.95 Needed: 
 []


Overfull \hbox (3.84105pt too wide) in paragraph at lines 28--28
[][][][]\OT1/cmr/bx/n/10.95 Citation 
 []


Overfull \hbox (3.20235pt too wide) in paragraph at lines 28--28
\OT1/cmr/bx/n/10.95 Needed: 
 []

Missing character: There is no ; in font nullfont!

Overfull \hbox (3.84105pt too wide) in paragraph at lines 28--28
[][][][]\OT1/cmr/bx/n/10.95 Citation 
 []


Overfull \hbox (3.20235pt too wide) in paragraph at lines 28--28
\OT1/cmr/bx/n/10.95 Needed: 
 []


Overfull \hbox (3.84105pt too wide) in paragraph at lines 28--28
[][][][]\OT1/cmr/bx/n/10.95 Citation 
 []


Overfull \hbox (3.20235pt too wide) in paragraph at lines 28--28
\OT1/cmr/bx/n/10.95 Needed: 
 []

Missing character: There is no ; in font nullfont!

Overfull \hbox (3.84105pt too wide) in paragraph at lines 39--39
[][][][][]\OT1/cmr/bx/n/10.95 Citation 
 []


Overfull \hbox (3.20235pt too wide) in paragraph at lines 39--39
\OT1/cmr/bx/n/10.95 Needed:  
 []


Overfull \hbox (3.84105pt too wide) in paragraph at lines 39--39
[][][][]\OT1/cmr/bx/n/10.95 Citation 
 []


Overfull \hbox (3.20235pt too wide) in paragraph at lines 39--39
\OT1/cmr/bx/n/10.95 Needed:  
 []

Missing character: There is no ; in font nullfont!

Overfull \hbox (3.84105pt too wide) in paragraph at lines 39--39
[][][][]\OT1/cmr/bx/n/10.95 Citation 
 []


Overfull \hbox (3.20235pt too wide) in paragraph at lines 39--39
\OT1/cmr/bx/n/10.95 Needed:  
 []


Overfull \hbox (3.84105pt too wide) in paragraph at lines 39--39
[][][][]\OT1/cmr/bx/n/10.95 Citation 
 []


Overfull \hbox (3.20235pt too wide) in paragraph at lines 39--39
\OT1/cmr/bx/n/10.95 Needed:  
 []

Missing character: There is no ; in font nullfont!
[18]
Overfull \hbox (3.84105pt too wide) in paragraph at lines 47--47
[][][][][]\OT1/cmr/bx/n/10.95 Citation 
 []


Overfull \hbox (3.20235pt too wide) in paragraph at lines 47--47
\OT1/cmr/bx/n/10.95 Needed:  
 []


Overfull \hbox (3.84105pt too wide) in paragraph at lines 47--47
[][][][]\OT1/cmr/bx/n/10.95 Citation 
 []


Overfull \hbox (3.20235pt too wide) in paragraph at lines 47--47
\OT1/cmr/bx/n/10.95 Needed:  
 []

Missing character: There is no ; in font nullfont!

Overfull \hbox (3.84105pt too wide) in paragraph at lines 47--47
[][][][]\OT1/cmr/bx/n/10.95 Citation 
 []


Overfull \hbox (3.20235pt too wide) in paragraph at lines 47--47
\OT1/cmr/bx/n/10.95 Needed:  
 []


Overfull \hbox (3.84105pt too wide) in paragraph at lines 47--47
[][][][]\OT1/cmr/bx/n/10.95 Citation 
 []


Overfull \hbox (3.20235pt too wide) in paragraph at lines 47--47
\OT1/cmr/bx/n/10.95 Needed:  
 []

Missing character: There is no ; in font nullfont!

Overfull \hbox (3.84105pt too wide) in paragraph at lines 47--47
[][][][]\OT1/cmr/bx/n/10.95 Citation 
 []


Overfull \hbox (3.20235pt too wide) in paragraph at lines 47--47
\OT1/cmr/bx/n/10.95 Needed:  
 []


Overfull \hbox (3.84105pt too wide) in paragraph at lines 47--47
[][][][]\OT1/cmr/bx/n/10.95 Citation 
 []


Overfull \hbox (3.20235pt too wide) in paragraph at lines 47--47
\OT1/cmr/bx/n/10.95 Needed:  
 []

Missing character: There is no ; in font nullfont!

Overfull \hbox (3.84105pt too wide) in paragraph at lines 47--47
[][][][]\OT1/cmr/bx/n/10.95 Citation 
 []


Overfull \hbox (3.20235pt too wide) in paragraph at lines 47--47
\OT1/cmr/bx/n/10.95 Needed:  
 []


Overfull \hbox (3.84105pt too wide) in paragraph at lines 47--47
[][][][]\OT1/cmr/bx/n/10.95 Citation 
 []


Overfull \hbox (3.20235pt too wide) in paragraph at lines 47--47
\OT1/cmr/bx/n/10.95 Needed:  
 []

Missing character: There is no ; in font nullfont!

Overfull \hbox (3.84105pt too wide) in paragraph at lines 47--47
[][][][]\OT1/cmr/bx/n/10.95 Citation 
 []


Overfull \hbox (3.20235pt too wide) in paragraph at lines 47--47
\OT1/cmr/bx/n/10.95 Needed:  
 []


Overfull \hbox (3.84105pt too wide) in paragraph at lines 47--47
[][][][]\OT1/cmr/bx/n/10.95 Citation 
 []


Overfull \hbox (3.20235pt too wide) in paragraph at lines 47--47
\OT1/cmr/bx/n/10.95 Needed:  
 []

Missing character: There is no ; in font nullfont!

Overfull \hbox (3.84105pt too wide) in paragraph at lines 47--47
[][][][]\OT1/cmr/bx/n/10.95 Citation 
 []


Overfull \hbox (3.20235pt too wide) in paragraph at lines 47--47
\OT1/cmr/bx/n/10.95 Needed:  
 []


Overfull \hbox (3.84105pt too wide) in paragraph at lines 47--47
[][][][]\OT1/cmr/bx/n/10.95 Citation 
 []


Overfull \hbox (3.20235pt too wide) in paragraph at lines 47--47
\OT1/cmr/bx/n/10.95 Needed:  
 []

Missing character: There is no ; in font nullfont!

LaTeX Warning: Marginpar on page 19 moved.


LaTeX Warning: Marginpar on page 19 moved.


Overfull \hbox (3.84105pt too wide) in paragraph at lines 55--55
[][][][][]\OT1/cmr/bx/n/10.95 Citation 
 []


Overfull \hbox (3.20235pt too wide) in paragraph at lines 55--55
\OT1/cmr/bx/n/10.95 Needed:  
 []


Overfull \hbox (3.84105pt too wide) in paragraph at lines 55--55
[][][][]\OT1/cmr/bx/n/10.95 Citation 
 []


Overfull \hbox (3.20235pt too wide) in paragraph at lines 55--55
\OT1/cmr/bx/n/10.95 Needed:  
 []

Missing character: There is no ; in font nullfont!

Overfull \hbox (3.84105pt too wide) in paragraph at lines 55--55
[][][][]\OT1/cmr/bx/n/10.95 Citation 
 []


Overfull \hbox (3.20235pt too wide) in paragraph at lines 55--55
\OT1/cmr/bx/n/10.95 Needed:  
 []


Overfull \hbox (3.84105pt too wide) in paragraph at lines 55--55
[][][][]\OT1/cmr/bx/n/10.95 Citation 
 []


Overfull \hbox (3.20235pt too wide) in paragraph at lines 55--55
\OT1/cmr/bx/n/10.95 Needed:  
 []

Missing character: There is no ; in font nullfont!

Overfull \hbox (3.84105pt too wide) in paragraph at lines 59--59
[][][][][]\OT1/cmr/bx/n/10.95 Citation 
 []


Overfull \hbox (3.20235pt too wide) in paragraph at lines 59--59
\OT1/cmr/bx/n/10.95 Needed:  
 []


Overfull \hbox (3.84105pt too wide) in paragraph at lines 59--59
[][][][]\OT1/cmr/bx/n/10.95 Citation 
 []


Overfull \hbox (3.20235pt too wide) in paragraph at lines 59--59
\OT1/cmr/bx/n/10.95 Needed:  
 []

Missing character: There is no ; in font nullfont!

Overfull \hbox (3.84105pt too wide) in paragraph at lines 59--59
[][][][]\OT1/cmr/bx/n/10.95 Citation 
 []


Overfull \hbox (3.20235pt too wide) in paragraph at lines 59--59
\OT1/cmr/bx/n/10.95 Needed:  
 []


Overfull \hbox (3.84105pt too wide) in paragraph at lines 59--59
[][][][]\OT1/cmr/bx/n/10.95 Citation 
 []


Overfull \hbox (3.20235pt too wide) in paragraph at lines 59--59
\OT1/cmr/bx/n/10.95 Needed:  
 []

Missing character: There is no ; in font nullfont!

Overfull \hbox (3.84105pt too wide) in paragraph at lines 64--64
[][][][][]\OT1/cmr/bx/n/10.95 Citation 
 []


Overfull \hbox (3.20235pt too wide) in paragraph at lines 64--64
\OT1/cmr/bx/n/10.95 Needed: 
 []


Overfull \hbox (3.84105pt too wide) in paragraph at lines 64--64
[][][][]\OT1/cmr/bx/n/10.95 Citation 
 []


Overfull \hbox (3.20235pt too wide) in paragraph at lines 64--64
\OT1/cmr/bx/n/10.95 Needed: 
 []

Missing character: There is no ; in font nullfont!

Overfull \hbox (3.84105pt too wide) in paragraph at lines 64--64
[][][][]\OT1/cmr/bx/n/10.95 Citation 
 []


Overfull \hbox (3.20235pt too wide) in paragraph at lines 64--64
\OT1/cmr/bx/n/10.95 Needed: 
 []


Overfull \hbox (3.84105pt too wide) in paragraph at lines 64--64
[][][][]\OT1/cmr/bx/n/10.95 Citation 
 []


Overfull \hbox (3.20235pt too wide) in paragraph at lines 64--64
\OT1/cmr/bx/n/10.95 Needed: 
 []

Missing character: There is no ; in font nullfont!
[19]
Overfull \hbox (3.84105pt too wide) in paragraph at lines 82--82
[][][][]\OT1/cmr/bx/n/10.95 Citation 
 []


Overfull \hbox (3.20235pt too wide) in paragraph at lines 82--82
\OT1/cmr/bx/n/10.95 Needed:  
 []


Overfull \hbox (3.84105pt too wide) in paragraph at lines 82--82
[][][][]\OT1/cmr/bx/n/10.95 Citation 
 []


Overfull \hbox (3.20235pt too wide) in paragraph at lines 82--82
\OT1/cmr/bx/n/10.95 Needed:  
 []

Missing character: There is no ; in font nullfont!

Overfull \hbox (3.84105pt too wide) in paragraph at lines 82--82
[][][][]\OT1/cmr/bx/n/10.95 Citation 
 []


Overfull \hbox (3.20235pt too wide) in paragraph at lines 82--82
\OT1/cmr/bx/n/10.95 Needed:  
 []


Overfull \hbox (3.84105pt too wide) in paragraph at lines 82--82
[][][][]\OT1/cmr/bx/n/10.95 Citation 
 []


Overfull \hbox (3.20235pt too wide) in paragraph at lines 82--82
\OT1/cmr/bx/n/10.95 Needed:  
 []

Missing character: There is no ; in font nullfont!

Overfull \hbox (3.84105pt too wide) in paragraph at lines 84--84
[][][][][]\OT1/cmr/bx/n/10.95 Citation 
 []


Overfull \hbox (3.20235pt too wide) in paragraph at lines 84--84
\OT1/cmr/bx/n/10.95 Needed:  
 []


Overfull \hbox (3.84105pt too wide) in paragraph at lines 84--84
[][][][]\OT1/cmr/bx/n/10.95 Citation 
 []


Overfull \hbox (3.20235pt too wide) in paragraph at lines 84--84
\OT1/cmr/bx/n/10.95 Needed:  
 []

Missing character: There is no ; in font nullfont!

Overfull \hbox (3.84105pt too wide) in paragraph at lines 84--84
[][][][]\OT1/cmr/bx/n/10.95 Citation 
 []


Overfull \hbox (3.20235pt too wide) in paragraph at lines 84--84
\OT1/cmr/bx/n/10.95 Needed:  
 []


Overfull \hbox (3.84105pt too wide) in paragraph at lines 84--84
[][][][]\OT1/cmr/bx/n/10.95 Citation 
 []


Overfull \hbox (3.20235pt too wide) in paragraph at lines 84--84
\OT1/cmr/bx/n/10.95 Needed:  
 []

Missing character: There is no ; in font nullfont!
[20]
Overfull \hbox (3.84105pt too wide) in paragraph at lines 130--130
[][][][][]\OT1/cmr/bx/n/10.95 Citation 
 []


Overfull \hbox (3.20235pt too wide) in paragraph at lines 130--130
\OT1/cmr/bx/n/10.95 Needed:  
 []


Overfull \hbox (3.84105pt too wide) in paragraph at lines 130--130
[][][][]\OT1/cmr/bx/n/10.95 Citation 
 []


Overfull \hbox (3.20235pt too wide) in paragraph at lines 130--130
\OT1/cmr/bx/n/10.95 Needed:  
 []

Missing character: There is no ; in font nullfont!

Overfull \hbox (3.84105pt too wide) in paragraph at lines 130--130
[][][][]\OT1/cmr/bx/n/10.95 Citation 
 []


Overfull \hbox (3.20235pt too wide) in paragraph at lines 130--130
\OT1/cmr/bx/n/10.95 Needed:  
 []


Overfull \hbox (3.84105pt too wide) in paragraph at lines 130--130
[][][][]\OT1/cmr/bx/n/10.95 Citation 
 []


Overfull \hbox (3.20235pt too wide) in paragraph at lines 130--130
\OT1/cmr/bx/n/10.95 Needed:  
 []

Missing character: There is no ; in font nullfont!
[21] [22]) [23] (./report.bbl

LaTeX Warning: Empty `thebibliography' environment on input line 3.

) [24]
Package atveryend Info: Empty hook `BeforeClearDocument' on input line 154.
Package atveryend Info: Empty hook `AfterLastShipout' on input line 154.
 (./report.aux)
Package atveryend Info: Executing hook `AtVeryEndDocument' on input line 154.
Package atveryend Info: Executing hook `AtEndAfterFileList' on input line 154.
Package rerunfilecheck Info: File `report.out' has not changed.
(rerunfilecheck)             Checksum: AAD8DEADBCD35FCE6D8F4EFA9B3166ED;1732.
Package atveryend Info: Empty hook `AtVeryVeryEnd' on input line 154.
 ) 
Here is how much of TeX's memory you used:
 23443 strings out of 493308
 418635 string characters out of 6143617
 588847 words of memory out of 5000000
 26223 multiletter control sequences out of 15000+600000
 18237 words of font info for 71 fonts, out of 8000000 for 9000
 957 hyphenation exceptions out of 8191
 75i,16n,96p,1691b,761s stack positions out of 5000i,500n,10000p,200000b,80000s
</usr/share/texmf-dist/fonts/type1/public/amsfonts/cmextra/cmbsy9.pfb></usr/s
hare/texmf-dist/fonts/type1/public/amsfonts/cm/cmbx10.pfb></usr/share/texmf-dis
t/fonts/type1/public/amsfonts/cm/cmbx12.pfb></usr/share/texmf-dist/fonts/type1/
public/amsfonts/cm/cmbx8.pfb></usr/share/texmf-dist/fonts/type1/public/amsfonts
/cm/cmbx9.pfb></usr/share/texmf-dist/fonts/type1/public/amsfonts/cm/cmex10.pfb>
</usr/share/texmf-dist/fonts/type1/public/amsfonts/cm/cmitt10.pfb></usr/share/t
exmf-dist/fonts/type1/public/amsfonts/cm/cmmi10.pfb></usr/share/texmf-dist/font
s/type1/public/amsfonts/cm/cmmi6.pfb></usr/share/texmf-dist/fonts/type1/public/
amsfonts/cm/cmmi8.pfb></usr/share/texmf-dist/fonts/type1/public/amsfonts/cm/cmm
i9.pfb></usr/share/texmf-dist/fonts/type1/public/amsfonts/cm/cmr10.pfb></usr/sh
are/texmf-dist/fonts/type1/public/amsfonts/cm/cmr12.pfb></usr/share/texmf-dist/
fonts/type1/public/amsfonts/cm/cmr17.pfb></usr/share/texmf-dist/fonts/type1/pub
lic/amsfonts/cm/cmr6.pfb></usr/share/texmf-dist/fonts/type1/public/amsfonts/cm/
cmr8.pfb></usr/share/texmf-dist/fonts/type1/public/amsfonts/cm/cmr9.pfb></usr/s
hare/texmf-dist/fonts/type1/public/amsfonts/cm/cmsy10.pfb></usr/share/texmf-dis
t/fonts/type1/public/amsfonts/cm/cmsy6.pfb></usr/share/texmf-dist/fonts/type1/p
ublic/amsfonts/cm/cmsy8.pfb></usr/share/texmf-dist/fonts/type1/public/amsfonts/
cm/cmsy9.pfb></usr/share/texmf-dist/fonts/type1/public/amsfonts/cm/cmti10.pfb><
/usr/share/texmf-dist/fonts/type1/public/amsfonts/cm/cmti9.pfb></usr/share/texm
f-dist/fonts/type1/public/amsfonts/cm/cmtt10.pfb></usr/share/texmf-dist/fonts/t
ype1/public/amsfonts/cm/cmtt12.pfb></usr/share/texmf-dist/fonts/type1/public/am
sfonts/cm/cmtt9.pfb></usr/share/texmf-dist/fonts/type1/public/amsfonts/symbols/
msbm10.pfb>
Output written on report.pdf (29 pages, 1363670 bytes).
PDF statistics:
 877 PDF objects out of 1000 (max. 8388607)
 711 compressed objects within 8 object streams
 116 named destinations out of 1000 (max. 500000)
 227 words of extra memory for PDF output out of 10000 (max. 10000000)

