\BOOKMARK [1][-]{section.1}{Introduction}{}% 1
\BOOKMARK [1][-]{section.2}{Material and Methods}{}% 2
\BOOKMARK [2][-]{subsection.2.1}{Data acquisition}{section.2}% 3
\BOOKMARK [2][-]{subsection.2.2}{Data preprocessing}{section.2}% 4
\BOOKMARK [2][-]{subsection.2.3}{Feature extraction from time series}{section.2}% 5
\BOOKMARK [2][-]{subsection.2.4}{Addition of temporal features}{section.2}% 6
\BOOKMARK [2][-]{subsection.2.5}{Stratified Cross Validation and sampling}{section.2}% 7
\BOOKMARK [2][-]{subsection.2.6}{Random forests analysis}{section.2}% 8
\BOOKMARK [2][-]{subsection.2.7}{Performance assessments}{section.2}% 9
\BOOKMARK [2][-]{subsection.2.8}{Statistical analysis}{section.2}% 10
\BOOKMARK [1][-]{section.3}{Results}{}% 11
\BOOKMARK [2][-]{subsection.3.1}{A new efficient python package}{section.3}% 12
\BOOKMARK [2][-]{subsection.3.2}{Twenty variables can generate accurate predictions}{section.3}% 13
\BOOKMARK [2][-]{subsection.3.3}{Including temporal information improves prediction}{section.3}% 14
\BOOKMARK [2][-]{subsection.3.4}{Structural differences with ground truth}{section.3}% 15
\BOOKMARK [2][-]{subsection.3.5}{Attribution of confidence score to predictions}{section.3}% 16
\BOOKMARK [1][-]{section.4}{Discussion}{}% 17
\BOOKMARK [2][-]{subsection.4.1}{Software package for feature computation}{section.4}% 18
\BOOKMARK [2][-]{subsection.4.2}{Exhaustive feature extraction}{section.4}% 19
\BOOKMARK [2][-]{subsection.4.3}{Random forest classification}{section.4}% 20
\BOOKMARK [2][-]{subsection.4.4}{Rigorous and comprehensive model evaluation}{section.4}% 21
\BOOKMARK [2][-]{subsection.4.5}{Quality of the raw data}{section.4}% 22
\BOOKMARK [2][-]{subsection.4.6}{Overall results}{section.4}% 23
